Looking for inflection info for 179,325 unique Greek words

Processing Wiktionary dump: /home/user/classics-viewer/data-sources/enwiktionary-latest-pages-articles.xml.bz2
Looking for inflected form entries...
  Processed 10,000 Wiktionary pages...
  Processed 20,000 Wiktionary pages...
  Processed 30,000 Wiktionary pages...
  Processed 40,000 Wiktionary pages...
  Processed 50,000 Wiktionary pages...
  Processed 60,000 Wiktionary pages...
  Processed 70,000 Wiktionary pages...
  Processed 80,000 Wiktionary pages...
  Processed 90,000 Wiktionary pages...
  Processed 100,000 Wiktionary pages...
  Processed 110,000 Wiktionary pages...
  Processed 120,000 Wiktionary pages...
  Processed 130,000 Wiktionary pages...
  Processed 140,000 Wiktionary pages...
  Processed 150,000 Wiktionary pages...
  Processed 160,000 Wiktionary pages...
  Processed 170,000 Wiktionary pages...
  Processed 180,000 Wiktionary pages...
  Processed 190,000 Wiktionary pages...
  Processed 200,000 Wiktionary pages...
  Processed 210,000 Wiktionary pages...
  Processed 220,000 Wiktionary pages...
  Processed 230,000 Wiktionary pages...
  Processed 240,000 Wiktionary pages...
  Processed 250,000 Wiktionary pages...
  Processed 260,000 Wiktionary pages...
  Processed 270,000 Wiktionary pages...
  Processed 280,000 Wiktionary pages...
  Processed 290,000 Wiktionary pages...
  Processed 300,000 Wiktionary pages...

[00:08:21] Progress:
  Found: 100 mappings
  Remaining: 179,225 words
  Rate: 2.3 mappings/second
  Est. remaining: 21.9 hours
  Example: ὑμένος → ῠ̔μήν (gen, s)
  Processed 320,000 Wiktionary pages...
  Processed 330,000 Wiktionary pages...
  Processed 340,000 Wiktionary pages...
  Processed 350,000 Wiktionary pages...
  Processed 360,000 Wiktionary pages...
  Processed 380,000 Wiktionary pages...
  Processed 390,000 Wiktionary pages...
  Processed 400,000 Wiktionary pages...
  Processed 410,000 Wiktionary pages...
  Processed 420,000 Wiktionary pages...
  Processed 430,000 Wiktionary pages...
  Processed 460,000 Wiktionary pages...
  Processed 470,000 Wiktionary pages...
  Processed 480,000 Wiktionary pages...
  Processed 490,000 Wiktionary pages...
  Processed 500,000 Wiktionary pages...
  Processed 510,000 Wiktionary pages...

[00:08:35] Progress:
  Found: 200 mappings
  Remaining: 179,125 words
  Rate: 3.5 mappings/second
  Est. remaining: 14.4 hours
  Example: παρόν → πᾰρών (n, nom//acc//voc, s)
  Processed 520,000 Wiktionary pages...
  Processed 530,000 Wiktionary pages...
  Processed 540,000 Wiktionary pages...
  Processed 550,000 Wiktionary pages...
  Processed 560,000 Wiktionary pages...
  Processed 570,000 Wiktionary pages...
  Processed 580,000 Wiktionary pages...
  Processed 590,000 Wiktionary pages...
  Processed 600,000 Wiktionary pages...
  Processed 610,000 Wiktionary pages...
  Processed 620,000 Wiktionary pages...
  Processed 630,000 Wiktionary pages...
  Processed 640,000 Wiktionary pages...
  Processed 650,000 Wiktionary pages...
  Processed 660,000 Wiktionary pages...
  Processed 670,000 Wiktionary pages...
  Processed 680,000 Wiktionary pages...
  Processed 690,000 Wiktionary pages...
  Processed 700,000 Wiktionary pages...
  Processed 710,000 Wiktionary pages...
  Processed 720,000 Wiktionary pages...
  Processed 730,000 Wiktionary pages...
  Processed 740,000 Wiktionary pages...
  Processed 750,000 Wiktionary pages...
  Processed 760,000 Wiktionary pages...
  Processed 770,000 Wiktionary pages...
  Processed 780,000 Wiktionary pages...
  Processed 790,000 Wiktionary pages...
  Processed 800,000 Wiktionary pages...
  Processed 810,000 Wiktionary pages...

[00:08:56] Progress:
  Found: 300 mappings
  Remaining: 179,025 words
  Rate: 3.8 mappings/second
  Est. remaining: 13.0 hours
  Example: νέοι → νέος (nom//voc, p, m)
  Processed 830,000 Wiktionary pages...
  Processed 840,000 Wiktionary pages...
  Processed 850,000 Wiktionary pages...
  Processed 860,000 Wiktionary pages...
  Processed 870,000 Wiktionary pages...
  Processed 880,000 Wiktionary pages...
  Processed 890,000 Wiktionary pages...
  Processed 900,000 Wiktionary pages...
  Processed 910,000 Wiktionary pages...
  Processed 920,000 Wiktionary pages...
  Processed 930,000 Wiktionary pages...
  Processed 940,000 Wiktionary pages...
  Processed 950,000 Wiktionary pages...
  Processed 960,000 Wiktionary pages...
  Processed 970,000 Wiktionary pages...
  Processed 980,000 Wiktionary pages...
  Processed 990,000 Wiktionary pages...
  Processed 1,000,000 Wiktionary pages...
  Processed 1,010,000 Wiktionary pages...
  Processed 1,020,000 Wiktionary pages...
  Processed 1,030,000 Wiktionary pages...
  Processed 1,040,000 Wiktionary pages...
  Processed 1,050,000 Wiktionary pages...
  Processed 1,060,000 Wiktionary pages...
  Processed 1,070,000 Wiktionary pages...
  Processed 1,080,000 Wiktionary pages...
  Processed 1,090,000 Wiktionary pages...
  Processed 1,100,000 Wiktionary pages...
  Processed 1,110,000 Wiktionary pages...

[00:09:15] Progress:
  Found: 400 mappings
  Remaining: 178,925 words
  Rate: 4.1 mappings/second
  Est. remaining: 12.1 hours
  Example: πωλεῖν → πωλέω (pres, actv, inf)
  Processed 1,120,000 Wiktionary pages...
  Processed 1,130,000 Wiktionary pages...
  Processed 1,140,000 Wiktionary pages...
  Processed 1,150,000 Wiktionary pages...
  Processed 1,160,000 Wiktionary pages...
  Processed 1,170,000 Wiktionary pages...
  Processed 1,180,000 Wiktionary pages...
  Processed 1,190,000 Wiktionary pages...
  Processed 1,200,000 Wiktionary pages...
  Processed 1,210,000 Wiktionary pages...
  Processed 1,220,000 Wiktionary pages...
  Processed 1,230,000 Wiktionary pages...
  Processed 1,240,000 Wiktionary pages...
  Processed 1,250,000 Wiktionary pages...
  Processed 1,260,000 Wiktionary pages...
  Processed 1,270,000 Wiktionary pages...
  Processed 1,280,000 Wiktionary pages...
  Processed 1,290,000 Wiktionary pages...
  Processed 1,300,000 Wiktionary pages...
  Processed 1,310,000 Wiktionary pages...
  Processed 1,320,000 Wiktionary pages...
  Processed 1,330,000 Wiktionary pages...
  Processed 1,340,000 Wiktionary pages...
  Processed 1,350,000 Wiktionary pages...
  Processed 1,370,000 Wiktionary pages...
  Processed 1,380,000 Wiktionary pages...
  Processed 1,390,000 Wiktionary pages...
  Processed 1,400,000 Wiktionary pages...
  Processed 1,410,000 Wiktionary pages...
  Processed 1,420,000 Wiktionary pages...
  Processed 1,430,000 Wiktionary pages...
  Processed 1,440,000 Wiktionary pages...
  Processed 1,450,000 Wiktionary pages...
  Processed 1,460,000 Wiktionary pages...
  Processed 1,470,000 Wiktionary pages...
  Processed 1,480,000 Wiktionary pages...
  Processed 1,490,000 Wiktionary pages...
  Processed 1,500,000 Wiktionary pages...
  Processed 1,510,000 Wiktionary pages...
  Processed 1,520,000 Wiktionary pages...
  Processed 1,530,000 Wiktionary pages...
  Processed 1,540,000 Wiktionary pages...
  Processed 1,550,000 Wiktionary pages...
  Processed 1,560,000 Wiktionary pages...
  Processed 1,570,000 Wiktionary pages...

[00:09:44] Progress:
  Found: 500 mappings
  Remaining: 178,825 words
  Rate: 3.9 mappings/second
  Est. remaining: 12.6 hours
  Example: επίθετα → επίθετο (nom, p)
  Processed 1,580,000 Wiktionary pages...
  Processed 1,590,000 Wiktionary pages...
  Processed 1,600,000 Wiktionary pages...
  Processed 1,610,000 Wiktionary pages...
  Processed 1,620,000 Wiktionary pages...
  Processed 1,630,000 Wiktionary pages...
  Processed 1,640,000 Wiktionary pages...
  Processed 1,650,000 Wiktionary pages...
  Processed 1,660,000 Wiktionary pages...
  Processed 1,670,000 Wiktionary pages...
  Processed 1,680,000 Wiktionary pages...
  Processed 1,690,000 Wiktionary pages...
  Processed 1,700,000 Wiktionary pages...
  Processed 1,710,000 Wiktionary pages...
  Processed 1,720,000 Wiktionary pages...
  Processed 1,730,000 Wiktionary pages...
  Processed 1,740,000 Wiktionary pages...
  Processed 1,750,000 Wiktionary pages...
  Processed 1,760,000 Wiktionary pages...
  Processed 1,770,000 Wiktionary pages...
  Processed 1,780,000 Wiktionary pages...

[00:09:59] Progress:
  Found: 600 mappings
  Remaining: 178,725 words
  Rate: 4.2 mappings/second
  Est. remaining: 11.7 hours
  Example: πράξεις → πρᾶξις (nom//acc//voc, p)
  Processed 1,800,000 Wiktionary pages...
  Processed 1,810,000 Wiktionary pages...
  Processed 1,820,000 Wiktionary pages...
  Processed 1,830,000 Wiktionary pages...
  Processed 1,840,000 Wiktionary pages...
  Processed 1,850,000 Wiktionary pages...
  Processed 1,860,000 Wiktionary pages...
  Processed 1,870,000 Wiktionary pages...
  Processed 1,880,000 Wiktionary pages...
  Processed 1,890,000 Wiktionary pages...
  Processed 1,900,000 Wiktionary pages...
  Processed 1,910,000 Wiktionary pages...
  Processed 1,920,000 Wiktionary pages...
  Processed 1,930,000 Wiktionary pages...
  Processed 1,940,000 Wiktionary pages...
  Processed 1,950,000 Wiktionary pages...
  Processed 1,960,000 Wiktionary pages...
  Processed 1,970,000 Wiktionary pages...
  Processed 1,980,000 Wiktionary pages...
  Processed 1,990,000 Wiktionary pages...
  Processed 2,000,000 Wiktionary pages...
  Processed 2,010,000 Wiktionary pages...
  Processed 2,020,000 Wiktionary pages...
  Processed 2,030,000 Wiktionary pages...
  Processed 2,040,000 Wiktionary pages...
  Processed 2,050,000 Wiktionary pages...
  Processed 2,060,000 Wiktionary pages...
  Processed 2,070,000 Wiktionary pages...
  Processed 2,080,000 Wiktionary pages...
  Processed 2,090,000 Wiktionary pages...

[00:10:19] Progress:
  Found: 700 mappings
  Remaining: 178,625 words
  Rate: 4.3 mappings/second
  Est. remaining: 11.4 hours
  Example: δρόμου → δρόμος (gen, s)
  Processed 2,100,000 Wiktionary pages...
  Processed 2,110,000 Wiktionary pages...
  Processed 2,120,000 Wiktionary pages...
  Processed 2,130,000 Wiktionary pages...
  Processed 2,140,000 Wiktionary pages...
  Processed 2,150,000 Wiktionary pages...
  Processed 2,160,000 Wiktionary pages...
  Processed 2,170,000 Wiktionary pages...
  Processed 2,180,000 Wiktionary pages...
  Processed 2,190,000 Wiktionary pages...
  Processed 2,200,000 Wiktionary pages...
  Processed 2,210,000 Wiktionary pages...
  Processed 2,220,000 Wiktionary pages...
  Processed 2,230,000 Wiktionary pages...
  Processed 2,240,000 Wiktionary pages...
  Processed 2,250,000 Wiktionary pages...
  Processed 2,260,000 Wiktionary pages...
  Processed 2,270,000 Wiktionary pages...
  Processed 2,280,000 Wiktionary pages...
  Processed 2,290,000 Wiktionary pages...
  Processed 2,300,000 Wiktionary pages...
  Processed 2,310,000 Wiktionary pages...
  Processed 2,320,000 Wiktionary pages...
  Processed 2,330,000 Wiktionary pages...
  Processed 2,340,000 Wiktionary pages...
  Processed 2,350,000 Wiktionary pages...
  Processed 2,360,000 Wiktionary pages...
  Processed 2,370,000 Wiktionary pages...
  Processed 2,380,000 Wiktionary pages...
  Processed 2,390,000 Wiktionary pages...
  Processed 2,400,000 Wiktionary pages...
  Processed 2,410,000 Wiktionary pages...
  Processed 2,420,000 Wiktionary pages...
  Processed 2,430,000 Wiktionary pages...
  Processed 2,440,000 Wiktionary pages...
  Processed 2,450,000 Wiktionary pages...

[00:10:41] Progress:
  Found: 800 mappings
  Remaining: 178,525 words
  Rate: 4.4 mappings/second
  Est. remaining: 11.4 hours
  Example: κοίλα → κοῖλος (nom//acc//voc, d, f)
  Processed 2,460,000 Wiktionary pages...
  Processed 2,470,000 Wiktionary pages...
  Processed 2,480,000 Wiktionary pages...
  Processed 2,490,000 Wiktionary pages...
  Processed 2,500,000 Wiktionary pages...

[00:10:44] Progress:
  Found: 900 mappings
  Remaining: 178,425 words
  Rate: 4.8 mappings/second
  Est. remaining: 10.3 hours
  Example: νεκροφόρων → νεκροφόρα (gen, p)
  Processed 2,520,000 Wiktionary pages...
  Processed 2,540,000 Wiktionary pages...
  Processed 2,550,000 Wiktionary pages...
  Processed 2,560,000 Wiktionary pages...
  Processed 2,570,000 Wiktionary pages...
  Processed 2,580,000 Wiktionary pages...
  Processed 2,590,000 Wiktionary pages...
  Processed 2,600,000 Wiktionary pages...
  Processed 2,610,000 Wiktionary pages...
  Processed 2,620,000 Wiktionary pages...
  Processed 2,630,000 Wiktionary pages...
  Processed 2,640,000 Wiktionary pages...
  Processed 2,650,000 Wiktionary pages...
  Processed 2,660,000 Wiktionary pages...
  Processed 2,670,000 Wiktionary pages...
  Processed 2,680,000 Wiktionary pages...
  Processed 2,690,000 Wiktionary pages...
  Processed 2,700,000 Wiktionary pages...
  Processed 2,710,000 Wiktionary pages...
  Processed 2,720,000 Wiktionary pages...
  Processed 2,730,000 Wiktionary pages...
  Processed 2,740,000 Wiktionary pages...
  Processed 2,750,000 Wiktionary pages...
  Processed 2,760,000 Wiktionary pages...
  Processed 2,770,000 Wiktionary pages...
  Processed 2,780,000 Wiktionary pages...
  Processed 2,790,000 Wiktionary pages...
  Processed 2,800,000 Wiktionary pages...
  Processed 2,810,000 Wiktionary pages...
  Processed 2,820,000 Wiktionary pages...
  Processed 2,830,000 Wiktionary pages...
  Processed 2,840,000 Wiktionary pages...
  Processed 2,850,000 Wiktionary pages...
  Processed 2,860,000 Wiktionary pages...
  Processed 2,870,000 Wiktionary pages...
  Processed 2,880,000 Wiktionary pages...
  Processed 2,890,000 Wiktionary pages...
  Processed 2,900,000 Wiktionary pages...
  Processed 2,910,000 Wiktionary pages...
  Processed 2,920,000 Wiktionary pages...
  Processed 2,930,000 Wiktionary pages...
  Processed 2,940,000 Wiktionary pages...
  Processed 2,950,000 Wiktionary pages...
  Processed 2,960,000 Wiktionary pages...
  Processed 2,970,000 Wiktionary pages...
  Processed 2,990,000 Wiktionary pages...

[00:11:16] Progress:
  Found: 1,000 mappings
  Remaining: 178,325 words
  Rate: 4.6 mappings/second
  Est. remaining: 10.8 hours
  Example: βέβαιοι → βέβαιος (m//f, nom//voc, p)
  Saved checkpoint: inflection_extraction_results/inflection_checkpoint_1000.json
  Processed 3,000,000 Wiktionary pages...
  Processed 3,010,000 Wiktionary pages...

[00:11:17] Progress:
  Found: 1,100 mappings
  Remaining: 178,225 words
  Rate: 5.0 mappings/second
  Est. remaining: 9.9 hours
  Example: περιφερόμενος → περιφέρω (present, middle//passive, indc)
  Processed 3,020,000 Wiktionary pages...
  Processed 3,030,000 Wiktionary pages...
  Processed 3,040,000 Wiktionary pages...
  Processed 3,050,000 Wiktionary pages...
  Processed 3,060,000 Wiktionary pages...
  Processed 3,070,000 Wiktionary pages...
  Processed 3,080,000 Wiktionary pages...
  Processed 3,090,000 Wiktionary pages...
  Processed 3,100,000 Wiktionary pages...
  Processed 3,110,000 Wiktionary pages...
  Processed 3,120,000 Wiktionary pages...
  Processed 3,130,000 Wiktionary pages...
  Processed 3,140,000 Wiktionary pages...

[00:11:27] Progress:
  Found: 1,200 mappings
  Remaining: 178,125 words
  Rate: 5.2 mappings/second
  Est. remaining: 9.5 hours
  Example: βοηθήσεις → βοηθέω (2s, fut, actv)
  Processed 3,150,000 Wiktionary pages...
  Processed 3,160,000 Wiktionary pages...
  Processed 3,170,000 Wiktionary pages...
  Processed 3,180,000 Wiktionary pages...
  Processed 3,190,000 Wiktionary pages...
  Processed 3,200,000 Wiktionary pages...
  Processed 3,210,000 Wiktionary pages...
  Processed 3,220,000 Wiktionary pages...
  Processed 3,230,000 Wiktionary pages...
  Processed 3,240,000 Wiktionary pages...
  Processed 3,260,000 Wiktionary pages...
  Processed 3,270,000 Wiktionary pages...
  Processed 3,280,000 Wiktionary pages...
  Processed 3,290,000 Wiktionary pages...
  Processed 3,300,000 Wiktionary pages...
  Processed 3,310,000 Wiktionary pages...
  Processed 3,320,000 Wiktionary pages...
  Processed 3,330,000 Wiktionary pages...
  Processed 3,340,000 Wiktionary pages...
  Processed 3,350,000 Wiktionary pages...
  Processed 3,360,000 Wiktionary pages...
  Processed 3,370,000 Wiktionary pages...
  Processed 3,380,000 Wiktionary pages...
  Processed 3,400,000 Wiktionary pages...
  Processed 3,410,000 Wiktionary pages...
  Processed 3,420,000 Wiktionary pages...
  Processed 3,430,000 Wiktionary pages...
  Processed 3,440,000 Wiktionary pages...
  Processed 3,450,000 Wiktionary pages...
